0 info it worked if it ends with ok
1 verbose cli [ 'C:\\Program Files\\nodejs\\\\node.exe',
1 verbose cli   'C:\\Program Files\\nodejs\\node_modules\\npm\\bin\\npm-cli.js',
1 verbose cli   'install' ]
2 info using npm@2.11.3
3 info using node@v0.12.7
4 verbose readDependencies loading dependencies from F:\pbl\project005\sit_course_management\package.json
5 verbose install where, deps [ 'F:\\pbl\\project005\\sit_course_management',
5 verbose install   [ 'body-parser',
5 verbose install     'chai',
5 verbose install     'connect-flash',
5 verbose install     'cookie-parser',
5 verbose install     'crypto',
5 verbose install     'debug',
5 verbose install     'express',
5 verbose install     'express-session',
5 verbose install     'fs',
5 verbose install     'gulp',
5 verbose install     'gulp-nodemon',
5 verbose install     'jade',
5 verbose install     'method-override',
5 verbose install     'mocha',
5 verbose install     'mongoose',
5 verbose install     'mongoose-unique-validator',
5 verbose install     'morgan',
5 verbose install     'multer',
5 verbose install     'passport',
5 verbose install     'passport-local',
5 verbose install     'path',
5 verbose install     'readline',
5 verbose install     'serve-favicon',
5 verbose install     'sinon',
5 verbose install     'supertest' ] ]
6 verbose install where, peers [ 'F:\\pbl\\project005\\sit_course_management', [] ]
7 verbose installManyTop reading for lifecycle F:\pbl\project005\sit_course_management\package.json
8 info preinstall sit_management@0.0.0
9 verbose installManyTop reading scoped package data from F:\pbl\project005\sit_course_management\node_modules\body-parser\package.json
10 verbose installManyTop reading scoped package data from F:\pbl\project005\sit_course_management\node_modules\chai\package.json
11 verbose installManyTop reading scoped package data from F:\pbl\project005\sit_course_management\node_modules\connect-flash\package.json
12 verbose installManyTop reading scoped package data from F:\pbl\project005\sit_course_management\node_modules\cookie-parser\package.json
13 verbose installManyTop reading scoped package data from F:\pbl\project005\sit_course_management\node_modules\crypto\package.json
14 verbose installManyTop reading scoped package data from F:\pbl\project005\sit_course_management\node_modules\debug\package.json
15 verbose installManyTop reading scoped package data from F:\pbl\project005\sit_course_management\node_modules\express\package.json
16 verbose installManyTop reading scoped package data from F:\pbl\project005\sit_course_management\node_modules\express-session\package.json
17 verbose installManyTop reading scoped package data from F:\pbl\project005\sit_course_management\node_modules\fs\package.json
18 verbose installManyTop reading scoped package data from F:\pbl\project005\sit_course_management\node_modules\gulp\package.json
19 verbose installManyTop reading scoped package data from F:\pbl\project005\sit_course_management\node_modules\gulp-nodemon\package.json
20 verbose installManyTop reading scoped package data from F:\pbl\project005\sit_course_management\node_modules\jade\package.json
21 verbose installManyTop reading scoped package data from F:\pbl\project005\sit_course_management\node_modules\method-override\package.json
22 verbose installManyTop reading scoped package data from F:\pbl\project005\sit_course_management\node_modules\mocha\package.json
23 verbose installManyTop reading scoped package data from F:\pbl\project005\sit_course_management\node_modules\mongoose\package.json
24 verbose installManyTop reading scoped package data from F:\pbl\project005\sit_course_management\node_modules\morgan\package.json
25 verbose installManyTop reading scoped package data from F:\pbl\project005\sit_course_management\node_modules\multer\package.json
26 verbose installManyTop reading scoped package data from F:\pbl\project005\sit_course_management\node_modules\passport\package.json
27 verbose installManyTop reading scoped package data from F:\pbl\project005\sit_course_management\node_modules\passport-local\package.json
28 verbose installManyTop reading scoped package data from F:\pbl\project005\sit_course_management\node_modules\path\package.json
29 verbose installManyTop reading scoped package data from F:\pbl\project005\sit_course_management\node_modules\readline\package.json
30 verbose installManyTop reading scoped package data from F:\pbl\project005\sit_course_management\node_modules\serve-favicon\package.json
31 verbose installManyTop reading scoped package data from F:\pbl\project005\sit_course_management\node_modules\sinon\package.json
32 verbose installManyTop reading scoped package data from F:\pbl\project005\sit_course_management\node_modules\supertest\package.json
33 info package.json connect-flash@0.1.1 No license field.
34 info package.json crypto@0.0.3 crypto is also the name of a node core module.
35 info package.json crypto@0.0.3 No license field.
36 info package.json passport-local@1.0.0 No license field.
37 info package.json fs@0.0.2 fs is also the name of a node core module.
38 info package.json fs@0.0.2 No description
39 info package.json fs@0.0.2 No repository field.
40 info package.json fs@0.0.2 No README data
41 info package.json path@0.12.7 path is also the name of a node core module.
42 info package.json readline@1.1.0 readline is also the name of a node core module.
43 info package.json readline@1.1.0 license should be a valid SPDX license expression
44 verbose readDependencies loading dependencies from F:\pbl\project005\sit_course_management\package.json
45 verbose targetResolver reading package data from F:\pbl\project005\sit_course_management\node_modules\body-parser\package.json
46 verbose targetResolver reading package data from F:\pbl\project005\sit_course_management\node_modules\chai\package.json
47 verbose targetResolver reading package data from F:\pbl\project005\sit_course_management\node_modules\connect-flash\package.json
48 verbose targetResolver reading package data from F:\pbl\project005\sit_course_management\node_modules\cookie-parser\package.json
49 verbose targetResolver reading package data from F:\pbl\project005\sit_course_management\node_modules\crypto\package.json
50 verbose targetResolver reading package data from F:\pbl\project005\sit_course_management\node_modules\debug\package.json
51 verbose targetResolver reading package data from F:\pbl\project005\sit_course_management\node_modules\express\package.json
52 verbose targetResolver reading package data from F:\pbl\project005\sit_course_management\node_modules\express-session\package.json
53 verbose targetResolver reading package data from F:\pbl\project005\sit_course_management\node_modules\fs\package.json
54 verbose targetResolver reading package data from F:\pbl\project005\sit_course_management\node_modules\gulp\package.json
55 verbose targetResolver reading package data from F:\pbl\project005\sit_course_management\node_modules\gulp-nodemon\package.json
56 verbose targetResolver reading package data from F:\pbl\project005\sit_course_management\node_modules\jade\package.json
57 verbose targetResolver reading package data from F:\pbl\project005\sit_course_management\node_modules\method-override\package.json
58 verbose targetResolver reading package data from F:\pbl\project005\sit_course_management\node_modules\mocha\package.json
59 verbose targetResolver reading package data from F:\pbl\project005\sit_course_management\node_modules\mongoose\package.json
60 verbose targetResolver reading package data from F:\pbl\project005\sit_course_management\node_modules\morgan\package.json
61 verbose targetResolver reading package data from F:\pbl\project005\sit_course_management\node_modules\multer\package.json
62 verbose targetResolver reading package data from F:\pbl\project005\sit_course_management\node_modules\passport\package.json
63 verbose targetResolver reading package data from F:\pbl\project005\sit_course_management\node_modules\passport-local\package.json
64 verbose targetResolver reading package data from F:\pbl\project005\sit_course_management\node_modules\path\package.json
65 verbose targetResolver reading package data from F:\pbl\project005\sit_course_management\node_modules\readline\package.json
66 verbose targetResolver reading package data from F:\pbl\project005\sit_course_management\node_modules\serve-favicon\package.json
67 verbose targetResolver reading package data from F:\pbl\project005\sit_course_management\node_modules\sinon\package.json
68 verbose targetResolver reading package data from F:\pbl\project005\sit_course_management\node_modules\supertest\package.json
69 verbose targetResolver reading package data from F:\pbl\project005\sit_course_management\node_modules\.bin\gulp\package.json
70 verbose targetResolver reading package data from F:\pbl\project005\sit_course_management\node_modules\.bin\gulp.cmd\package.json
71 verbose targetResolver reading package data from F:\pbl\project005\sit_course_management\node_modules\.bin\jade\package.json
72 verbose targetResolver reading package data from F:\pbl\project005\sit_course_management\node_modules\.bin\jade.cmd\package.json
73 verbose targetResolver reading package data from F:\pbl\project005\sit_course_management\node_modules\.bin\mocha\package.json
74 verbose targetResolver reading package data from F:\pbl\project005\sit_course_management\node_modules\.bin\mocha.cmd\package.json
75 verbose already installed skipping body-parser@~1.13.2 F:\pbl\project005\sit_course_management
76 verbose already installed skipping chai@^3.3.0 F:\pbl\project005\sit_course_management
77 verbose already installed skipping connect-flash@^0.1.1 F:\pbl\project005\sit_course_management
78 verbose already installed skipping cookie-parser@~1.3.5 F:\pbl\project005\sit_course_management
79 verbose already installed skipping crypto@0.0.3 F:\pbl\project005\sit_course_management
80 verbose already installed skipping debug@~2.2.0 F:\pbl\project005\sit_course_management
81 verbose already installed skipping express@~4.13.1 F:\pbl\project005\sit_course_management
82 verbose already installed skipping express-session@^1.11.3 F:\pbl\project005\sit_course_management
83 verbose already installed skipping fs@0.0.2 F:\pbl\project005\sit_course_management
84 verbose already installed skipping gulp@^3.9.0 F:\pbl\project005\sit_course_management
85 verbose already installed skipping gulp-nodemon@^2.0.4 F:\pbl\project005\sit_course_management
86 verbose already installed skipping jade@~1.11.0 F:\pbl\project005\sit_course_management
87 verbose already installed skipping method-override@^2.3.5 F:\pbl\project005\sit_course_management
88 verbose already installed skipping mocha@^2.3.3 F:\pbl\project005\sit_course_management
89 verbose already installed skipping mongoose@^4.1.12 F:\pbl\project005\sit_course_management
90 silly cache add args [ 'mongoose-unique-validator@^0.6.0', null ]
91 verbose cache add spec mongoose-unique-validator@^0.6.0
92 silly cache add parsed spec { raw: 'mongoose-unique-validator@^0.6.0',
92 silly cache add   scope: null,
92 silly cache add   name: 'mongoose-unique-validator',
92 silly cache add   rawSpec: '^0.6.0',
92 silly cache add   spec: '>=0.6.0 <0.7.0',
92 silly cache add   type: 'range' }
93 silly addNamed mongoose-unique-validator@>=0.6.0 <0.7.0
94 verbose addNamed ">=0.6.0 <0.7.0" is a valid semver range for mongoose-unique-validator
95 silly addNameRange { name: 'mongoose-unique-validator',
95 silly addNameRange   range: '>=0.6.0 <0.7.0',
95 silly addNameRange   hasData: false }
96 silly mapToRegistry name mongoose-unique-validator
97 silly mapToRegistry using default registry
98 silly mapToRegistry registry https://registry.npmjs.org/
99 silly mapToRegistry uri https://registry.npmjs.org/mongoose-unique-validator
100 verbose addNameRange registry:https://registry.npmjs.org/mongoose-unique-validator not in flight; fetching
101 verbose already installed skipping morgan@~1.6.1 F:\pbl\project005\sit_course_management
102 verbose already installed skipping multer@^1.1.0 F:\pbl\project005\sit_course_management
103 verbose already installed skipping passport@^0.3.0 F:\pbl\project005\sit_course_management
104 verbose already installed skipping passport-local@^1.0.0 F:\pbl\project005\sit_course_management
105 verbose already installed skipping path@^0.12.7 F:\pbl\project005\sit_course_management
106 verbose already installed skipping readline@^1.1.0 F:\pbl\project005\sit_course_management
107 verbose already installed skipping serve-favicon@~2.3.0 F:\pbl\project005\sit_course_management
108 verbose already installed skipping sinon@^1.17.1 F:\pbl\project005\sit_course_management
109 verbose already installed skipping supertest@^1.1.0 F:\pbl\project005\sit_course_management
110 verbose request uri https://registry.npmjs.org/mongoose-unique-validator
111 verbose request no auth needed
112 info attempt registry request try #1 at 1:54:07 PM
113 verbose request id add36b169a739e8d
114 http request GET https://registry.npmjs.org/mongoose-unique-validator
115 http 200 https://registry.npmjs.org/mongoose-unique-validator
116 silly get cb [ 200,
116 silly get   { server: 'CouchDB/1.5.0 (Erlang OTP/R16B03)',
116 silly get     etag: '"5JS4L7H3P95KV874GFZ14J3UM"',
116 silly get     'content-type': 'application/json',
116 silly get     'cache-control': 'max-age=60',
116 silly get     'content-length': '16534',
116 silly get     'accept-ranges': 'bytes',
116 silly get     date: 'Tue, 03 Nov 2015 06:54:15 GMT',
116 silly get     via: '1.1 varnish',
116 silly get     age: '0',
116 silly get     connection: 'keep-alive',
116 silly get     'x-served-by': 'cache-sin6927-SIN',
116 silly get     'x-cache': 'MISS',
116 silly get     'x-cache-hits': '0',
116 silly get     'x-timer': 'S1446533655.210432,VS0,VE245',
116 silly get     vary: 'Accept' } ]
117 verbose get saving mongoose-unique-validator to C:\Users\Adisak\AppData\Roaming\npm-cache\registry.npmjs.org\mongoose-unique-validator\.cache.json
118 silly addNameRange number 2 { name: 'mongoose-unique-validator',
118 silly addNameRange   range: '>=0.6.0 <0.7.0',
118 silly addNameRange   hasData: true }
119 silly addNameRange versions [ 'mongoose-unique-validator',
119 silly addNameRange   [ '0.1.0',
119 silly addNameRange     '0.1.1',
119 silly addNameRange     '0.1.2',
119 silly addNameRange     '0.2.0',
119 silly addNameRange     '0.3.0',
119 silly addNameRange     '0.4.1',
119 silly addNameRange     '0.5.0',
119 silly addNameRange     '0.5.1',
119 silly addNameRange     '0.6.0' ] ]
120 silly addNamed mongoose-unique-validator@0.6.0
121 verbose addNamed "0.6.0" is a plain semver version for mongoose-unique-validator
122 silly mapToRegistry name mongoose-unique-validator
123 silly mapToRegistry using default registry
124 silly mapToRegistry registry https://registry.npmjs.org/
125 silly mapToRegistry uri https://registry.npmjs.org/mongoose-unique-validator
126 verbose addRemoteTarball https://registry.npmjs.org/mongoose-unique-validator/-/mongoose-unique-validator-0.6.0.tgz not in flight; adding
127 verbose addRemoteTarball [ 'https://registry.npmjs.org/mongoose-unique-validator/-/mongoose-unique-validator-0.6.0.tgz',
127 verbose addRemoteTarball   'ca9d6836ad5f07a61f7ae4e1d327610bd33566ce' ]
128 info retry fetch attempt 1 at 1:54:08 PM
129 info attempt registry request try #1 at 1:54:08 PM
130 http fetch GET https://registry.npmjs.org/mongoose-unique-validator/-/mongoose-unique-validator-0.6.0.tgz
131 http fetch 200 https://registry.npmjs.org/mongoose-unique-validator/-/mongoose-unique-validator-0.6.0.tgz
132 silly fetchAndShaCheck shasum ca9d6836ad5f07a61f7ae4e1d327610bd33566ce
133 verbose addTmpTarball C:\Users\Adisak\AppData\Local\Temp\npm-8440-57486633\registry.npmjs.org\mongoose-unique-validator\-\mongoose-unique-validator-0.6.0.tgz not in flight; adding
134 verbose addTmpTarball already have metadata; skipping unpack for mongoose-unique-validator@0.6.0
135 silly cache afterAdd mongoose-unique-validator@0.6.0
136 verbose afterAdd C:\Users\Adisak\AppData\Roaming\npm-cache\mongoose-unique-validator\0.6.0\package\package.json not in flight; writing
137 verbose afterAdd C:\Users\Adisak\AppData\Roaming\npm-cache\mongoose-unique-validator\0.6.0\package\package.json written
138 silly install resolved [ { name: 'mongoose-unique-validator',
138 silly install resolved     version: '0.6.0',
138 silly install resolved     description: 'mongoose-unique-validator is a plugin which adds pre-save validation for unique fields within a Mongoose schema.',
138 silly install resolved     main: 'index.js',
138 silly install resolved     scripts:
138 silly install resolved      { test: 'mocha test && ./node_modules/eslint/bin/eslint.js index.js test',
138 silly install resolved        lint: 'eslint index.js test' },
138 silly install resolved     keywords: [ 'mongoose', 'unique', 'validator' ],
138 silly install resolved     author:
138 silly install resolved      { name: 'Blake Haswell',
138 silly install resolved        email: 'haswell00@gmail.com',
138 silly install resolved        url: 'http://blakehaswell.com/' },
138 silly install resolved     contributors: [ [Object] ],
138 silly install resolved     license: 'MIT',
138 silly install resolved     repository:
138 silly install resolved      { type: 'git',
138 silly install resolved        url: 'git+https://github.com/blakehaswell/mongoose-unique-validator.git' },
138 silly install resolved     devDependencies:
138 silly install resolved      { bluebird: '^2.10.2',
138 silly install resolved        chai: '^3.3.0',
138 silly install resolved        eslint: '^1.6.0',
138 silly install resolved        mocha: '^2.3.3' },
138 silly install resolved     peerDependencies: { mongoose: '^4.2.2' },
138 silly install resolved     gitHead: '5d828a8844abc08f2924fb3f36c883b0dc4f533d',
138 silly install resolved     bugs: { url: 'https://github.com/blakehaswell/mongoose-unique-validator/issues' },
138 silly install resolved     homepage: 'https://github.com/blakehaswell/mongoose-unique-validator#readme',
138 silly install resolved     _id: 'mongoose-unique-validator@0.6.0',
138 silly install resolved     _shasum: 'ca9d6836ad5f07a61f7ae4e1d327610bd33566ce',
138 silly install resolved     _from: 'mongoose-unique-validator@>=0.6.0 <0.7.0',
138 silly install resolved     _npmVersion: '3.3.8',
138 silly install resolved     _nodeVersion: '4.2.1',
138 silly install resolved     _npmUser: { name: 'viveleroi', email: 'botsko@gmail.com' },
138 silly install resolved     dist:
138 silly install resolved      { shasum: 'ca9d6836ad5f07a61f7ae4e1d327610bd33566ce',
138 silly install resolved        tarball: 'http://registry.npmjs.org/mongoose-unique-validator/-/mongoose-unique-validator-0.6.0.tgz' },
138 silly install resolved     maintainers: [ [Object], [Object] ],
138 silly install resolved     directories: {},
138 silly install resolved     _resolved: 'https://registry.npmjs.org/mongoose-unique-validator/-/mongoose-unique-validator-0.6.0.tgz' } ]
139 info install mongoose-unique-validator@0.6.0 into F:\pbl\project005\sit_course_management
140 info installOne mongoose-unique-validator@0.6.0
141 verbose installOne of mongoose-unique-validator to F:\pbl\project005\sit_course_management not in flight; installing
142 verbose lock using C:\Users\Adisak\AppData\Roaming\npm-cache\_locks\mongoose-unique-validato-62402ba7b6a2bac4.lock for F:\pbl\project005\sit_course_management\node_modules\mongoose-unique-validator
143 silly install write writing mongoose-unique-validator 0.6.0 to F:\pbl\project005\sit_course_management\node_modules\mongoose-unique-validator
144 verbose unbuild node_modules\mongoose-unique-validator
145 silly gentlyRm F:\pbl\project005\sit_course_management\node_modules\mongoose-unique-validator is being purged from base F:\pbl\project005\sit_course_management
146 verbose gentlyRm don't care about contents; nuking F:\pbl\project005\sit_course_management\node_modules\mongoose-unique-validator
147 verbose tar unpack C:\Users\Adisak\AppData\Roaming\npm-cache\mongoose-unique-validator\0.6.0\package.tgz
148 verbose tar unpacking to F:\pbl\project005\sit_course_management\node_modules\mongoose-unique-validator
149 silly gentlyRm F:\pbl\project005\sit_course_management\node_modules\mongoose-unique-validator is being purged
150 verbose gentlyRm don't care about contents; nuking F:\pbl\project005\sit_course_management\node_modules\mongoose-unique-validator
151 silly gunzTarPerm modes [ '777', '666' ]
152 silly gunzTarPerm extractEntry package.json
153 silly gunzTarPerm modified mode [ 'package.json', 420, 438 ]
154 silly gunzTarPerm extractEntry .npmignore
155 silly gunzTarPerm modified mode [ '.npmignore', 420, 438 ]
156 silly gunzTarPerm extractEntry README.md
157 silly gunzTarPerm modified mode [ 'README.md', 420, 438 ]
158 silly gunzTarPerm extractEntry index.js
159 silly gunzTarPerm modified mode [ 'index.js', 420, 438 ]
160 silly gunzTarPerm extractEntry .editorconfig
161 silly gunzTarPerm modified mode [ '.editorconfig', 420, 438 ]
162 silly gunzTarPerm extractEntry .eslintrc
163 silly gunzTarPerm modified mode [ '.eslintrc', 420, 438 ]
164 silly gunzTarPerm extractEntry .travis.yml
165 silly gunzTarPerm modified mode [ '.travis.yml', 420, 438 ]
166 silly gunzTarPerm extractEntry CONTRIBUTING.md
167 silly gunzTarPerm modified mode [ 'CONTRIBUTING.md', 420, 438 ]
168 silly gunzTarPerm extractEntry test/helpers.js
169 silly gunzTarPerm modified mode [ 'test/helpers.js', 420, 438 ]
170 silly gunzTarPerm extractEntry test/index.spec.js
171 silly gunzTarPerm modified mode [ 'test/index.spec.js', 420, 438 ]
172 silly gunzTarPerm extractEntry test/tests/messages.spec.js
173 silly gunzTarPerm modified mode [ 'test/tests/messages.spec.js', 420, 438 ]
174 silly gunzTarPerm extractEntry test/tests/validation.spec.js
175 silly gunzTarPerm modified mode [ 'test/tests/validation.spec.js', 420, 438 ]
176 verbose write writing to F:\pbl\project005\sit_course_management\node_modules\mongoose-unique-validator\package.json
177 info preinstall mongoose-unique-validator@0.6.0
178 verbose readDependencies loading dependencies from F:\pbl\project005\sit_course_management\node_modules\mongoose-unique-validator\package.json
179 silly prepareForInstallMany adding mongoose@^4.2.2 from mongoose-unique-validator peerDependencies
180 warn peerDependencies The peer dependency mongoose@^4.2.2 included from mongoose-unique-validator will no
181 warn peerDependencies longer be automatically installed to fulfill the peerDependency
182 warn peerDependencies in npm 3+. Your application will need to depend on it explicitly.
183 verbose readDependencies loading dependencies from F:\pbl\project005\sit_course_management\node_modules\mongoose-unique-validator\package.json
184 silly install resolved []
185 verbose about to build F:\pbl\project005\sit_course_management\node_modules\mongoose-unique-validator
186 info build F:\pbl\project005\sit_course_management\node_modules\mongoose-unique-validator
187 info linkStuff mongoose-unique-validator@0.6.0
188 silly linkStuff mongoose-unique-validator@0.6.0 has F:\pbl\project005\sit_course_management\node_modules as its parent node_modules
189 verbose linkBins mongoose-unique-validator@0.6.0
190 verbose linkMans mongoose-unique-validator@0.6.0
191 verbose rebuildBundles mongoose-unique-validator@0.6.0
192 info install mongoose-unique-validator@0.6.0
193 info postinstall mongoose-unique-validator@0.6.0
194 verbose readDependencies loading dependencies from F:\pbl\project005\sit_course_management\package.json
195 verbose targetResolver reading package data from F:\pbl\project005\sit_course_management\node_modules\body-parser\package.json
196 verbose targetResolver reading package data from F:\pbl\project005\sit_course_management\node_modules\chai\package.json
197 verbose targetResolver reading package data from F:\pbl\project005\sit_course_management\node_modules\connect-flash\package.json
198 verbose targetResolver reading package data from F:\pbl\project005\sit_course_management\node_modules\cookie-parser\package.json
199 verbose targetResolver reading package data from F:\pbl\project005\sit_course_management\node_modules\crypto\package.json
200 verbose targetResolver reading package data from F:\pbl\project005\sit_course_management\node_modules\debug\package.json
201 verbose targetResolver reading package data from F:\pbl\project005\sit_course_management\node_modules\express\package.json
202 verbose targetResolver reading package data from F:\pbl\project005\sit_course_management\node_modules\express-session\package.json
203 verbose targetResolver reading package data from F:\pbl\project005\sit_course_management\node_modules\fs\package.json
204 verbose targetResolver reading package data from F:\pbl\project005\sit_course_management\node_modules\gulp\package.json
205 verbose targetResolver reading package data from F:\pbl\project005\sit_course_management\node_modules\gulp-nodemon\package.json
206 verbose targetResolver reading package data from F:\pbl\project005\sit_course_management\node_modules\jade\package.json
207 verbose targetResolver reading package data from F:\pbl\project005\sit_course_management\node_modules\method-override\package.json
208 verbose targetResolver reading package data from F:\pbl\project005\sit_course_management\node_modules\mocha\package.json
209 verbose targetResolver reading package data from F:\pbl\project005\sit_course_management\node_modules\mongoose\package.json
210 verbose targetResolver reading package data from F:\pbl\project005\sit_course_management\node_modules\mongoose-unique-validator\package.json
211 verbose targetResolver reading package data from F:\pbl\project005\sit_course_management\node_modules\morgan\package.json
212 verbose targetResolver reading package data from F:\pbl\project005\sit_course_management\node_modules\multer\package.json
213 verbose targetResolver reading package data from F:\pbl\project005\sit_course_management\node_modules\passport\package.json
214 verbose targetResolver reading package data from F:\pbl\project005\sit_course_management\node_modules\passport-local\package.json
215 verbose targetResolver reading package data from F:\pbl\project005\sit_course_management\node_modules\path\package.json
216 verbose targetResolver reading package data from F:\pbl\project005\sit_course_management\node_modules\readline\package.json
217 verbose targetResolver reading package data from F:\pbl\project005\sit_course_management\node_modules\serve-favicon\package.json
218 verbose targetResolver reading package data from F:\pbl\project005\sit_course_management\node_modules\sinon\package.json
219 verbose targetResolver reading package data from F:\pbl\project005\sit_course_management\node_modules\supertest\package.json
220 verbose targetResolver reading package data from F:\pbl\project005\sit_course_management\node_modules\.bin\gulp\package.json
221 verbose targetResolver reading package data from F:\pbl\project005\sit_course_management\node_modules\.bin\gulp.cmd\package.json
222 verbose targetResolver reading package data from F:\pbl\project005\sit_course_management\node_modules\.bin\jade\package.json
223 verbose targetResolver reading package data from F:\pbl\project005\sit_course_management\node_modules\.bin\jade.cmd\package.json
224 verbose targetResolver reading package data from F:\pbl\project005\sit_course_management\node_modules\.bin\mocha\package.json
225 verbose targetResolver reading package data from F:\pbl\project005\sit_course_management\node_modules\.bin\mocha.cmd\package.json
226 verbose already installed skipping mongoose@^4.2.2 F:\pbl\project005\sit_course_management
227 silly install resolved []
228 verbose unlock done using C:\Users\Adisak\AppData\Roaming\npm-cache\_locks\mongoose-unique-validato-62402ba7b6a2bac4.lock for F:\pbl\project005\sit_course_management\node_modules\mongoose-unique-validator
229 info build F:\pbl\project005\sit_course_management
230 info linkStuff sit_management@0.0.0
231 silly linkStuff sit_management@0.0.0 has F:\pbl\project005 as its parent node_modules
232 verbose linkBins sit_management@0.0.0
233 verbose linkMans sit_management@0.0.0
234 verbose rebuildBundles sit_management@0.0.0
235 verbose rebuildBundles [ '.bin',
235 verbose rebuildBundles   'body-parser',
235 verbose rebuildBundles   'chai',
235 verbose rebuildBundles   'connect-flash',
235 verbose rebuildBundles   'cookie-parser',
235 verbose rebuildBundles   'crypto',
235 verbose rebuildBundles   'debug',
235 verbose rebuildBundles   'express',
235 verbose rebuildBundles   'express-session',
235 verbose rebuildBundles   'fs',
235 verbose rebuildBundles   'gulp',
235 verbose rebuildBundles   'gulp-nodemon',
235 verbose rebuildBundles   'jade',
235 verbose rebuildBundles   'method-override',
235 verbose rebuildBundles   'mocha',
235 verbose rebuildBundles   'mongoose',
235 verbose rebuildBundles   'mongoose-unique-validator',
235 verbose rebuildBundles   'morgan',
235 verbose rebuildBundles   'multer',
235 verbose rebuildBundles   'passport',
235 verbose rebuildBundles   'passport-local',
235 verbose rebuildBundles   'path',
235 verbose rebuildBundles   'readline',
235 verbose rebuildBundles   'serve-favicon',
235 verbose rebuildBundles   'sinon',
235 verbose rebuildBundles   'supertest' ]
236 info install sit_management@0.0.0
237 info postinstall sit_management@0.0.0
238 info prepublish sit_management@0.0.0
239 verbose validateInstall loading F:\pbl\project005\sit_course_management\package.json for validation
240 verbose stack Error: The package mongoose does not satisfy its siblings' peerDependencies requirements!
240 verbose stack     at C:\Program Files\nodejs\node_modules\npm\lib\install.js:125:32
240 verbose stack     at C:\Program Files\nodejs\node_modules\npm\lib\install.js:267:7
240 verbose stack     at C:\Program Files\nodejs\node_modules\npm\node_modules\read-installed\read-installed.js:138:5
240 verbose stack     at C:\Program Files\nodejs\node_modules\npm\node_modules\read-installed\read-installed.js:251:14
240 verbose stack     at cb (C:\Program Files\nodejs\node_modules\npm\node_modules\slide\lib\async-map.js:47:24)
240 verbose stack     at C:\Program Files\nodejs\node_modules\npm\node_modules\read-installed\read-installed.js:251:14
240 verbose stack     at cb (C:\Program Files\nodejs\node_modules\npm\node_modules\slide\lib\async-map.js:47:24)
240 verbose stack     at C:\Program Files\nodejs\node_modules\npm\node_modules\read-installed\read-installed.js:251:14
240 verbose stack     at cb (C:\Program Files\nodejs\node_modules\npm\node_modules\slide\lib\async-map.js:47:24)
240 verbose stack     at C:\Program Files\nodejs\node_modules\npm\node_modules\read-installed\read-installed.js:251:14
241 verbose cwd F:\pbl\project005\sit_course_management
242 error Windows_NT 6.3.9600
243 error argv "C:\\Program Files\\nodejs\\\\node.exe" "C:\\Program Files\\nodejs\\node_modules\\npm\\bin\\npm-cli.js" "install"
244 error node v0.12.7
245 error npm  v2.11.3
246 error code EPEERINVALID
247 error peerinvalid The package mongoose does not satisfy its siblings' peerDependencies requirements!
247 error peerinvalid Peer mongoose-unique-validator@0.6.0 wants mongoose@^4.2.2
248 verbose exit [ 1, true ]
